<?xml version="1.0" encoding="UTF-8"?>
<!-- Generated by org.testng.reporters.JUnitReportReporter -->
<testsuite skipped="1" hostname="DESKTOP-V123S32" name="com.zoho.testcases.CreateLeadTest" tests="2" failures="0" timestamp="2020-05-13T16:57:06 IST" time="40.175" errors="0">
  <testcase name="createLeadTest" time="39.438" classname="com.zoho.testcases.CreateLeadTest"/>
  <testcase name="createLeadTest" time="0.737" classname="com.zoho.testcases.CreateLeadTest">
    <skipped/>
  </testcase> <!-- createLeadTest -->
</testsuite> <!-- com.zoho.testcases.CreateLeadTest -->
