<?xml version="1.0" encoding="UTF-8"?>
<!-- Generated by org.testng.reporters.JUnitReportReporter -->
<testsuite skipped="0" hostname="DESKTOP-V123S32" name="com.zoho.testcases.CreateTaskTest" tests="1" failures="0" timestamp="2020-05-13T16:57:06 IST" time="57.607" errors="0">
  <testcase name="createTaskTest" time="57.607" classname="com.zoho.testcases.CreateTaskTest"/>
</testsuite> <!-- com.zoho.testcases.CreateTaskTest -->
