<?xml version="1.0" encoding="UTF-8"?>
<!-- Generated by org.testng.reporters.JUnitReportReporter -->
<testsuite skipped="1" hostname="DESKTOP-V123S32" name="com.zoho.testcases.CreateTaskTest" tests="1" failures="0" timestamp="2020-05-12T09:34:19 IST" time="0.011" errors="0">
  <testcase name="createTaskTest" time="0.011" classname="com.zoho.testcases.CreateTaskTest">
    <skipped/>
  </testcase> <!-- createTaskTest -->
</testsuite> <!-- com.zoho.testcases.CreateTaskTest -->
