<?xml version="1.0" encoding="UTF-8"?>
<!-- Generated by org.testng.reporters.JUnitReportReporter -->
<testsuite skipped="3" hostname="DESKTOP-V123S32" name="com.zoho.testcases.LoginTest" tests="3" failures="0" timestamp="2020-05-12T09:34:19 IST" time="0.441" errors="0">
  <testcase name="loginTest" time="0.134" classname="com.zoho.testcases.LoginTest">
    <skipped/>
  </testcase> <!-- loginTest -->
  <testcase name="loginTest" time="0.294" classname="com.zoho.testcases.LoginTest">
    <skipped/>
  </testcase> <!-- loginTest -->
  <testcase name="loginTest" time="0.013" classname="com.zoho.testcases.LoginTest">
    <skipped/>
  </testcase> <!-- loginTest -->
</testsuite> <!-- com.zoho.testcases.LoginTest -->
