<?xml version="1.0" encoding="UTF-8"?>
<!-- Generated by org.testng.reporters.JUnitReportReporter -->
<testsuite skipped="2" hostname="DESKTOP-V123S32" name="com.zoho.testcases.CreateLeadTest" tests="2" failures="0" timestamp="2020-05-12T09:34:19 IST" time="0.017" errors="0">
  <testcase name="createLeadTest" time="0.010" classname="com.zoho.testcases.CreateLeadTest">
    <skipped/>
  </testcase> <!-- createLeadTest -->
  <testcase name="createLeadTest" time="0.007" classname="com.zoho.testcases.CreateLeadTest">
    <skipped/>
  </testcase> <!-- createLeadTest -->
</testsuite> <!-- com.zoho.testcases.CreateLeadTest -->
